Time till next send is 2 seconds.
Time till next send is 1 seconds.
Time till next send is 0 seconds.
Sending...
Sent!
Packets sent since start: 1
Operating at 23.571 degrees celsius.
Location: Lat 0.0 Lon 0.0 Alt nan
Battery Info: 23.82 V -1 A 0 W
Solar Panel Info: 10.5 V 0 A 0 W
Time till next send is 2 seconds.
Time till next send is 1 seconds.
Time till next send is 0 seconds.
Sending...
Sent!
Packets sent since start: 2
Operating at 23.5924 degrees celsius.
Location: Lat 0.0 Lon 0.0 Alt nan
Battery Info: 23.82 V -1 A 0 W
Solar Panel Info: 9.476 V 0 A 0 W
Time till next send is 2 seconds.
Time till next send is 1 seconds.
Time till next send is 0 seconds.
Sending...
Sent!
Packets sent since start: 3
Operating at 23.5817 degrees celsius.
Location: Lat 0.0 Lon 0.0 Alt nan
Battery Info: 23.82 V -1 A 0 W
Solar Panel Info: 10.5 V 0 A 0 W
Time till next send is 2 seconds.
Time till next send is 1 seconds.
Time till next send is 0 seconds.
Sending...
Sent!
Packets sent since start: 4
Operating at 23.6032 degrees celsius.
Location: Lat 0.0 Lon 0.0 Alt nan
Battery Info: 23.82 V -1 A 0 W
Solar Panel Info: 10.5 V 0 A 0 W
Time till next send is 2 seconds.
Time till next send is 1 seconds.
Time till next send is 0 seconds.
Sending...
Sent!
Packets sent since start: 5
Operating at 23.6032 degrees celsius.
Location: Lat 0.0 Lon 0.0 Alt nan
Battery Info: 23.82 V -1 A 0 W
Solar Panel Info: 10.5 V 0 A 0 W
Time till next send is 2 seconds.
Time till next send is 1 seconds.
Time till next send is 0 seconds.
Sending...
Sent!
Packets sent since start: 6
Operating at 23.6032 degrees celsius.
Location: Lat 0.0 Lon 0.0 Alt nan
Battery Info: 24.844 V -1 A 0 W
Solar Panel Info: 9.476 V 0 A 0 W
Time till next send is 2 seconds.
Time till next send is 1 seconds.
Time till next send is 0 seconds.
Sending...
Sent!
Packets sent since start: 7
Operating at 23.6032 degrees celsius.
Location: Lat 0.0 Lon 0.0 Alt nan
Battery Info: 23.82 V -1 A 0 W
Solar Panel Info: 10.5 V 0 A 0 W
Time till next send is 2 seconds.
Time till next send is 1 seconds.
Time till next send is 0 seconds.
Sending...
Sent!
Packets sent since start: 8
Operating at 23.6032 degrees celsius.
Location: Lat 0.0 Lon 0.0 Alt nan
Battery Info: 23.82 V -1 A 0 W
Solar Panel Info: 10.5 V 0 A 0 W
Time till next send is 2 seconds.
Time till next send is 1 seconds.
Time till next send is 0 seconds.
Sending...
Sent!
Packets sent since start: 9
Operating at 23.6032 degrees celsius.
Location: Lat 0.0 Lon 0.0 Alt nan
Battery Info: 23.82 V -1 A 0 W
Solar Panel Info: 10.5 V -1 A 0 W
Time till next send is 2 seconds.
Time till next send is 1 seconds.
Time till next send is 0 seconds.
Sending...
Sent!
Packets sent since start: 10
Operating at 23.6139 degrees celsius.
Location: Lat 0.0 Lon 0.0 Alt nan
Battery Info: 24.844 V -1 A 0 W
Solar Panel Info: 10.5 V 0 A 0 W
Time till next send is 2 seconds.
Time till next send is 1 seconds.
Time till next send is 0 seconds.
Sending...
Sent!
Packets sent since start: 11
Operating at 23.6246 degrees celsius.
Location: Lat 0.0 Lon 0.0 Alt nan
Battery Info: 23.82 V -1 A 0 W
Solar Panel Info: 10.5 V 0 A 0 W
Time till next send is 2 seconds.
Time till next send is 1 seconds.
Time till next send is 0 seconds.
Sending...
Sent!
Packets sent since start: 12
Operating at 23.6246 degrees celsius.
Location: Lat 0.0 Lon 0.0 Alt nan
Battery Info: 23.82 V -1 A 0 W
Solar Panel Info: 10.5 V 0 A 0 W
Time till next send is 2 seconds.
Time till next send is 1 seconds.
Time till next send is 0 seconds.
Sending...
Sent!
Packets sent since start: 13
Operating at 23.6032 degrees celsius.
Location: Lat 0.0 Lon 0.0 Alt nan
Battery Info: 23.82 V -1 A 0 W
Solar Panel Info: 10.5 V 0 A 0 W
Time till next send is 2 seconds.
Time till next send is 1 seconds.
Time till next send is 0 seconds.
Sending...
Sent!
Packets sent since start: 14
Operating at 23.6139 degrees celsius.
Location: Lat 0.0 Lon 0.0 Alt nan
Battery Info: 23.82 V -1 A 0 W
Solar Panel Info: 10.5 V 0 A 0 W
Time till next send is 2 seconds.
Time till next send is 1 seconds.
Time till next send is 0 seconds.
Sending...
Sent!
Packets sent since start: 15
Operating at 23.6139 degrees celsius.
Location: Lat 0.0 Lon 0.0 Alt nan
Battery Info: 23.82 V -1 A 0 W
Solar Panel Info: 10.5 V 0 A 0 W
Time till next send is 2 seconds.
Time till next send is 1 seconds.
Time till next send is 0 seconds.
Sending...
Sent!
Packets sent since start: 16
Operating at 23.6139 degrees celsius.
Location: Lat 0.0 Lon 0.0 Alt nan
Battery Info: 23.82 V -1 A 0 W
Solar Panel Info: 10.5 V 0 A 0 W
Time till next send is 2 seconds.
Time till next send is 1 seconds.
Time till next send is 0 seconds.
Sending...
Sent!
Packets sent since start: 17
Operating at 23.6139 degrees celsius.
Location: Lat 0.0 Lon 0.0 Alt nan
Battery Info: 23.82 V -1 A 0 W
Solar Panel Info: 10.5 V 0 A 0 W
Time till next send is 2 seconds.
Time till next send is 1 seconds.
Time till next send is 0 seconds.
Sending...
Sent!
Packets sent since start: 18
Operating at 23.6139 degrees celsius.
Location: Lat 0.0 Lon 0.0 Alt nan
Battery Info: 23.82 V -1 A 0 W
Solar Panel Info: 11.524 V 0 A 0 W
Time till next send is 2 seconds.
Time till next send is 1 seconds.
Time till next send is 0 seconds.
Sending...
Sent!
Packets sent since start: 19
Operating at 23.6246 degrees celsius.
Location: Lat 0.0 Lon 0.0 Alt nan
Battery Info: 24.844 V 0 A 0 W
Solar Panel Info: 10.5 V 0 A 0 W
Time till next send is 2 seconds.
Time till next send is 1 seconds.
Time till next send is 0 seconds.
Sending...
Sent!
Packets sent since start: 20
Operating at 23.6246 degrees celsius.
Location: Lat 0.0 Lon 0.0 Alt nan
Battery Info: 23.82 V -1 A 0 W
Solar Panel Info: 11.524 V 0 A 0 W
Time till next send is 2 seconds.
Time till next send is 1 seconds.
Time till next send is 0 seconds.
Sending...
Sent!
Packets sent since start: 21
Operating at 23.6246 degrees celsius.
Location: Lat 0.0 Lon 0.0 Alt nan
Battery Info: 24.844 V -1 A 0 W
Solar Panel Info: 10.5 V 0 A 0 W
Time till next send is 2 seconds.
Time till next send is 1 seconds.
Time till next send is 0 seconds.
Sending...
Sent!
Packets sent since start: 22
Operating at 23.6246 degrees celsius.
Location: Lat 0.0 Lon 0.0 Alt nan
Battery Info: 24.844 V -1 A 0 W
Solar Panel Info: 10.5 V 0 A 0 W
Time till next send is 2 seconds.
Time till next send is 1 seconds.
Time till next send is 0 seconds.
Sending...
Sent!
Packets sent since start: 23
Operating at 23.6353 degrees celsius.
Location: Lat 0.0 Lon 0.0 Alt nan
Battery Info: 24.844 V -1 A 0 W
Solar Panel Info: 9.476 V 0 A 0 W
Time till next send is 2 seconds.
Time till next send is 1 seconds.
Time till next send is 0 seconds.
Sending...
Sent!
Packets sent since start: 24
Operating at 23.6139 degrees celsius.
Location: Lat 0.0 Lon 0.0 Alt nan
Battery Info: 24.844 V -1 A 0 W
Solar Panel Info: 10.5 V 0 A 0 W
Time till next send is 2 seconds.
Time till next send is 1 seconds.
Time till next send is 0 seconds.
Sending...
Sent!
Packets sent since start: 25
Operating at 23.6139 degrees celsius.
Location: Lat 0.0 Lon 0.0 Alt nan
Battery Info: 23.82 V -1 A 0 W
Solar Panel Info: 9.476 V 0 A 0 W
Time till next send is 2 seconds.
Time till next send is 1 seconds.
Time till next send is 0 seconds.
Sending...
Sent!
Packets sent since start: 26
Operating at 23.6246 degrees celsius.
Location: Lat 0.0 Lon 0.0 Alt nan
Battery Info: 24.844 V -1 A 0 W
Solar Panel Info: 10.5 V 0 A 0 W
Time till next send is 2 seconds.
Time till next send is 1 seconds.
Time till next send is 0 seconds.
Sending...
Sent!
Packets sent since start: 27
Operating at 23.6246 degrees celsius.
Location: Lat 0.0 Lon 0.0 Alt nan
Battery Info: 23.82 V -1 A 0 W
Solar Panel Info: 10.5 V 0 A 0 W
Time till next send is 2 seconds.
Time till next send is 1 seconds.
Time till next send is 0 seconds.
Sending...
Sent!
Packets sent since start: 28
Operating at 23.6353 degrees celsius.
Location: Lat 0.0 Lon 0.0 Alt nan
Battery Info: 24.844 V -1 A 0 W
Solar Panel Info: 10.5 V 0 A 0 W
Time till next send is 2 seconds.
Time till next send is 1 seconds.
Time till next send is 0 seconds.
Sending...
Sent!
Packets sent since start: 29
Operating at 23.6246 degrees celsius.
Location: Lat 0.0 Lon 0.0 Alt nan
Battery Info: 23.82 V -1 A 0 W
Solar Panel Info: 10.5 V 0 A 0 W
Time till next send is 2 seconds.
Time till next send is 1 seconds.
Time till next send is 0 seconds.
Sending...
Sent!
Packets sent since start: 30
Operating at 23.6246 degrees celsius.
Location: Lat 0.0 Lon 0.0 Alt nan
Battery Info: 23.82 V -1 A 0 W
Solar Panel Info: 10.5 V 0 A 0 W
Time till next send is 2 seconds.
Time till next send is 1 seconds.
Time till next send is 0 seconds.
Sending...
Sent!
Packets sent since start: 31
Operating at 23.6246 degrees celsius.
Location: Lat 0.0 Lon 0.0 Alt nan
Battery Info: 23.82 V -1 A 0 W
Solar Panel Info: 10.5 V 0 A 0 W
Time till next send is 2 seconds.
Time till next send is 1 seconds.
Time till next send is 0 seconds.
Sending...
Sent!
Packets sent since start: 32
Operating at 23.6353 degrees celsius.
Location: Lat 0.0 Lon 0.0 Alt nan
Battery Info: 23.82 V -1 A 0 W
Solar Panel Info: 10.5 V 0 A 0 W
Time till next send is 2 seconds.
Time till next send is 1 seconds.
Time till next send is 0 seconds.
Sending...
Sent!
Packets sent since start: 33
Operating at 23.6246 degrees celsius.
Location: Lat 0.0 Lon 0.0 Alt nan
Battery Info: 23.82 V -1 A 0 W
Solar Panel Info: 10.5 V 0 A 0 W
Time till next send is 2 seconds.
Time till next send is 1 seconds.
Time till next send is 0 seconds.
Sending...
Sent!
Packets sent since start: 34
Operating at 23.6246 degrees celsius.
Location: Lat 0.0 Lon 0.0 Alt nan
Battery Info: 23.82 V -1 A 0 W
Solar Panel Info: 10.5 V 0 A 0 W
Time till next send is 2 seconds.
Time till next send is 1 seconds.
Time till next send is 0 seconds.
Sending...
Sent!
Packets sent since start: 35
Operating at 23.6353 degrees celsius.
Location: Lat 0.0 Lon 0.0 Alt nan
Battery Info: 23.82 V -1 A 0 W
Solar Panel Info: 10.5 V 0 A 0 W
Time till next send is 2 seconds.
Time till next send is 1 seconds.
Time till next send is 0 seconds.
Sending...
Sent!
Packets sent since start: 36
Operating at 23.6461 degrees celsius.
Location: Lat 0.0 Lon 0.0 Alt nan
Battery Info: 23.82 V -1 A 0 W
Solar Panel Info: 10.5 V 0 A 0 W
Time till next send is 2 seconds.
Time till next send is 1 seconds.
Time till next send is 0 seconds.
Sending...
Sent!
Packets sent since start: 37
Operating at 23.6353 degrees celsius.
Location: Lat 0.0 Lon 0.0 Alt nan
Battery Info: 24.844 V -1 A 0 W
Solar Panel Info: 10.5 V 0 A 0 W
Time till next send is 2 seconds.
Time till next send is 1 seconds.
Time till next send is 0 seconds.
Sending...
Sent!
Packets sent since start: 38
Operating at 23.6461 degrees celsius.
Location: Lat 0.0 Lon 0.0 Alt nan
Battery Info: 23.82 V -1 A 0 W
Solar Panel Info: 10.5 V 0 A 0 W
Time till next send is 2 seconds.
Time till next send is 1 seconds.
Time till next send is 0 seconds.
Sending...
Sent!
Packets sent since start: 39
Operating at 23.6461 degrees celsius.
Location: Lat 0.0 Lon 0.0 Alt nan
Battery Info: 23.82 V -1 A 0 W
Solar Panel Info: 10.5 V 0 A 0 W
Time till next send is 2 seconds.
Time till next send is 1 seconds.
Time till next send is 0 seconds.
Sending...
Sent!
Packets sent since start: 40
Operating at 23.6461 degrees celsius.
Location: Lat 0.0 Lon 0.0 Alt nan
Battery Info: 24.844 V -1 A 0 W
Solar Panel Info: 11.524 V 0 A 0 W
Time till next send is 2 seconds.
Time till next send is 1 seconds.
Time till next send is 0 seconds.
Sending...
Sent!
Packets sent since start: 41
Operating at 23.6461 degrees celsius.
Location: Lat 0.0 Lon 0.0 Alt nan
Battery Info: 23.82 V -1 A 0 W
Solar Panel Info: 10.5 V 0 A 0 W
Time till next send is 2 seconds.
Time till next send is 1 seconds.
Time till next send is 0 seconds.
Sending...
Sent!
Packets sent since start: 42
Operating at 23.6461 degrees celsius.
Location: Lat 0.0 Lon 0.0 Alt nan
Battery Info: 23.82 V -1 A 0 W
Solar Panel Info: 10.5 V 0 A 0 W
Time till next send is 2 seconds.
Time till next send is 1 seconds.
Time till next send is 0 seconds.
Sending...
Sent!
Packets sent since start: 43
Operating at 23.6461 degrees celsius.
Location: Lat 0.0 Lon 0.0 Alt nan
Battery Info: 23.82 V -1 A 0 W
Solar Panel Info: 10.5 V 0 A 0 W
Time till next send is 2 seconds.
Time till next send is 1 seconds.
Time till next send is 0 seconds.
Sending...
Sent!
Packets sent since start: 44
Operating at 23.6568 degrees celsius.
Location: Lat 0.0 Lon 0.0 Alt nan
Battery Info: 23.82 V -1 A 0 W
Solar Panel Info: 10.5 V 0 A 0 W
Time till next send is 2 seconds.
Time till next send is 1 seconds.
Time till next send is 0 seconds.
Sending...
Sent!
Packets sent since start: 45
Operating at 23.6461 degrees celsius.
Location: Lat 0.0 Lon 0.0 Alt nan
Battery Info: 23.82 V -1 A 0 W
Solar Panel Info: 9.476 V 0 A 0 W
Time till next send is 2 seconds.
Time till next send is 1 seconds.
Time till next send is 0 seconds.
Sending...
Sent!
Packets sent since start: 46
Operating at 23.6353 degrees celsius.
Location: Lat 0.0 Lon 0.0 Alt nan
Battery Info: 23.82 V -1 A 0 W
Solar Panel Info: 10.5 V 0 A 0 W
Time till next send is 2 seconds.
Time till next send is 1 seconds.
Time till next send is 0 seconds.
Sending...
Sent!
Packets sent since start: 47
Operating at 23.6461 degrees celsius.
Location: Lat 0.0 Lon 0.0 Alt nan
Battery Info: 23.82 V -1 A 0 W
Solar Panel Info: 10.5 V 0 A 0 W
Time till next send is 2 seconds.
Time till next send is 1 seconds.
Time till next send is 0 seconds.
Sending...
Sent!
Packets sent since start: 48
Operating at 23.6568 degrees celsius.
Location: Lat 0.0 Lon 0.0 Alt nan
Battery Info: 24.844 V -1 A 0 W
Solar Panel Info: 9.476 V 0 A 0 W
Time till next send is 2 seconds.
Time till next send is 1 seconds.
Time till next send is 0 seconds.
Sending...
Sent!
Packets sent since start: 49
Operating at 23.6353 degrees celsius.
Location: Lat 0.0 Lon 0.0 Alt nan
Battery Info: 23.82 V -1 A 0 W
Solar Panel Info: 10.5 V 0 A 0 W
Time till next send is 2 seconds.
Time till next send is 1 seconds.
Time till next send is 0 seconds.
Sending...
Sent!
Packets sent since start: 50
Operating at 23.6568 degrees celsius.
Location: Lat 0.0 Lon 0.0 Alt nan
Battery Info: 23.82 V -1 A 0 W
Solar Panel Info: 10.5 V 0 A 0 W
Time till next send is 2 seconds.
Time till next send is 1 seconds.
Time till next send is 0 seconds.
Sending...
Sent!
Packets sent since start: 51
Operating at 23.6568 degrees celsius.
Location: Lat 0.0 Lon 0.0 Alt nan
Battery Info: 23.82 V -1 A 0 W
Solar Panel Info: 10.5 V 0 A 0 W
Time till next send is 2 seconds.
Time till next send is 1 seconds.
Time till next send is 0 seconds.
Sending...
Sent!
Packets sent since start: 52
Operating at 23.6461 degrees celsius.
Location: Lat 0.0 Lon 0.0 Alt nan
Battery Info: 24.844 V -1 A 0 W
Solar Panel Info: 10.5 V 0 A 0 W
Time till next send is 2 seconds.
Time till next send is 1 seconds.
Time till next send is 0 seconds.
Sending...
Sent!
Packets sent since start: 53
Operating at 23.6568 degrees celsius.
Location: Lat 0.0 Lon 0.0 Alt nan
Battery Info: 24.844 V -1 A 0 W
Solar Panel Info: 10.5 V 0 A 0 W
Time till next send is 2 seconds.
Time till next send is 1 seconds.
Time till next send is 0 seconds.
Sending...
Sent!
Packets sent since start: 54
Operating at 23.6568 degrees celsius.
Location: Lat 0.0 Lon 0.0 Alt nan
Battery Info: 23.82 V -1 A 0 W
Solar Panel Info: 10.5 V 0 A 0 W
Time till next send is 2 seconds.
Time till next send is 1 seconds.
Time till next send is 0 seconds.
Sending...
Sent!
Packets sent since start: 55
Operating at 23.6568 degrees celsius.
Location: Lat 0.0 Lon 0.0 Alt nan
Battery Info: 23.82 V -1 A 0 W
Solar Panel Info: 11.524 V 0 A 0 W
Time till next send is 2 seconds.
Time till next send is 1 seconds.
Time till next send is 0 seconds.
Sending...
Sent!
Packets sent since start: 56
Operating at 23.6675 degrees celsius.
Location: Lat 0.0 Lon 0.0 Alt nan
Battery Info: 23.82 V -1 A 0 W
Solar Panel Info: 10.5 V 0 A 0 W
Time till next send is 2 seconds.
Time till next send is 1 seconds.
Time till next send is 0 seconds.
Sending...
Sent!
Packets sent since start: 57
Operating at 23.6568 degrees celsius.
Location: Lat 0.0 Lon 0.0 Alt nan
Battery Info: 23.82 V -1 A 0 W
Solar Panel Info: 10.5 V 0 A 0 W
Time till next send is 2 seconds.
Time till next send is 1 seconds.
Time till next send is 0 seconds.
Sending...
Sent!
Packets sent since start: 58
Operating at 23.6568 degrees c